1    0.05983
2    0.05777
3    0.05578
4    0.05385
5    0.06115
6    0.05906
7    0.05703
8    0.05826
9    0.05793
10    0.05607
11    0.05427
12    0.06861
13    0.06693
14    0.06525
15    0.06358
16    0.06192
17    0.06029
18    0.09379
19    0.09138
20    0.08897
21    0.08659
22    0.08424
23    0.08192
24    0.07964
25    0.08658
26    0.0841
27    0.08166
28    0.07927
29    0.07692
30    0.07462
31    0.07238
32    0.07018
33    0.06803
34    0.06594
35    0.06389
36    0.06189
37    0.05995
38    0.05805
39    0.07439
40    0.0725
41    0.07062
42    0.09505
43    0.09295
44    0.09068
45    0.08843
46    0.08619
47    0.08398
48    0.08178
49    0.1052
50    0.1049
51    0.1024
52    0.09985
53    0.09734
54    0.09486
55    0.1118
56    0.1092
57    0.1066
58    0.1041
59    0.1015
60    0.09893
61    0.0964
62    0.09459
63    0.09211
64    0.08965
65    0.08723
66    0.08757
67    0.08522
68    0.0829
69    0.0807
70    0.07845
71    0.07623
72    0.07406
73    0.07192
74    0.06983
75    0.06777
76    0.06576
77    0.08399
78    0.2021
79    0.1954
80    0.1893
81    0.183
82    0.1768
83    0.1708
84    0.165
85    0.1593
86    0.1538
87    0.1485
88    0.1434
89    0.1384
90    0.1339
91    0.1292
92    0.1247
93    0.1203
94    0.1161
95    0.112
96    0.108
97    0.1042
98    0.1005
99    0.09689
100    0.0994
101    0.09591
102    0.09253
103    0.1026
104    0.09948
105    0.09637
106    0.1214
107    0.1179
108    0.1145
109    0.1111
110    0.1078
111    0.1046
112    0.1014
113    0.09832
114    0.09529
115    0.09234
116    0.08946
117    0.08665
118    0.08391
119    0.08124
120    0.07863
121    0.0761
122    0.07364
123    0.07124
124    0.06891
125    0.06664
126    0.06444
127    0.0623
128    0.06022
129    0.0582
130    0.05624
131    0.05434
132    0.0525
133    0.08246
134    0.08002
135    0.07761
136    0.07526
137    0.09045
138    0.08755
139    0.08472
140    0.08197
141    0.0793
142    0.07669
143    0.07416
144    0.0727
145    0.07032
146    0.06799
147    0.06574
148    0.06355
149    0.06142
150    0.05936
151    0.06812
152    0.08188
153    0.07964
154    0.07743
155    0.07525
156    0.1603
157    0.155
158    0.1499
159    0.1449
160    0.1611
161    0.1561
162    0.1513
163    0.1465
164    0.3232
165    0.3114
166    0.2998
167    0.2892
168    0.2927
169    0.3774
170    0.3634
171    0.3507
172    0.3472
173    0.3342
174    0.3218
175    0.3098
176    0.5475
177    0.6628
178    0.6366
179    0.6113
180    0.587
181    0.5637
182    0.5412
183    0.5197
184    0.499
185    0.4791
186    0.46
187    0.4416
188    0.424
189    0.407
190    0.3908
191    0.3751
192    0.3601
193    0.3457
194    0.3318
195    0.3185
196    0.3057
197    0.2935
198    0.2817
199    0.2704
200    0.2888
201    0.2778
202    0.3176
203    0.3058
204    0.3086
205    0.2976
206    0.287
207    0.2767
208    0.2667
209    0.2593
210    0.2504
211    0.2414
212    0.2364
213    0.3135
214    0.3023
215    0.2963
216    0.2856
217    0.2774
218    0.2675
219    0.2579
220    0.2964
221    0.286
222    0.2759
223    0.2661
224    0.2567
225    0.2936
226    0.3046
227    0.3135
228    0.3024
229    0.2916
230    0.2813
231    0.2712
232    0.2615
233    0.3727
234    0.359
235    0.3457
236    0.337
237    0.3246
238    0.3126
239    0.301
240    0.2898
241    0.279
242    0.2686
243    0.2586
244    0.252
245    0.2427
246    0.2336
247    0.225
248    0.2166
249    0.2085
250    0.2007
251    0.1933
252    0.186
253    0.1791
254    0.1723
255    0.1659
256    0.1597
257    0.1563
258    0.1509
259    0.1455
260    0.1404
261    0.1367
262    0.1883
263    0.1817
264    0.1752
265    0.1689
266    0.1629
267    0.1571
268    0.1514
269    0.146
270    0.1407
271    0.1356
272    0.1307
273    0.1259
274    0.1214
275    0.1169
276    0.1253
277    0.1207
278    0.1728
279    0.1667
280    0.1608
281    0.1551
282    0.1496
283    0.1443
284    0.1392
285    0.1346
286    0.1298
287    0.1291
288    0.1246
289    0.1202
290    0.1159
291    0.1118
292    0.1078
293    0.104
294    0.1003
295    0.09668
296    0.09321
297    0.08986
298    0.08663
299    0.08371
300    0.0807
301    0.07778
302    0.07497
303    0.07225
304    0.06963
305    0.0671
306    0.06466
307    0.0623
308    0.06003
309    0.07825
310    0.07594
311    0.07365
312    0.07143
313    0.06925
314    0.06712
315    0.06505
316    0.06302
317    0.06108
318    0.05916
319    0.05728
320    0.05546
321    0.05369
322    0.05196
323    0.05028
324    0.04864
325    0.04706
326    0.04551
327    0.04402
328    0.04256
329    0.04115
330    0.06054
331    0.06545
332    0.06375
333    0.06206
334    0.06039
335    0.05874
336    0.05712
337    0.05553
338    0.05396
339    0.05242
340    0.05091
341    0.04943
342    0.04798
343    0.04656
344    0.04789
345    0.04758
346    0.04624
347    0.04493
348    0.04364
349    0.04238
350    0.04114
351    0.03993
352    0.03874
353    0.03758
354    0.03721
355    0.0361
356    0.08133
357    0.07893
358    0.07655
359    0.07423
360    0.07196
361    0.08995
362    0.08703
363    0.08418
364    0.08141
365    0.07871
366    0.0761
367    0.07356
368    0.07109
369    0.0687
370    0.06637
371    0.06412
372    0.06193
373    0.05981
374    0.05775
375    0.05576
376    0.05383
377    0.05197
378    0.05016
379    0.04841
380    0.103
381    0.1126
382    0.1094
383    0.1061
384    0.103
385    0.09987
386    0.09692
387    0.09484
388    0.09195
389    0.08912
390    0.0868
391    0.08414
392    0.08155
393    0.07901
394    0.07654
395    0.07413
396    0.09128
397    0.08886
398    0.08644
399    0.08406
400    0.08172
401    0.0931
402    0.09038
403    0.08769
404    0.08507
405    0.0825
406    0.07999
407    0.07754
408    0.07514
409    0.0728
410    0.07052
411    0.06829
412    0.06617
413    0.06406
414    0.06289
415    0.0609
416    0.05896
417    0.05708
418    0.0562
419    0.05444
420    0.05269
421    0.07345
422    0.08436
423    0.08145
424    0.07863
425    0.1159
426    0.1124
427    0.1088
428    0.1053
429    0.1019
430    0.09855
431    0.09532
432    0.09219
433    0.1115
434    0.1341
435    0.1305
436    0.1269
437    0.1234
438    0.12
439    0.1331
440    0.1292
441    0.1253
442    0.201
443    0.1947
444    0.1883
445    0.1822
446    0.1762
447    0.1703
448    0.1728
449    0.1696
450    0.164
451    0.1586
452    0.1533
453    0.1529
454    0.1605
455    0.1551
456    0.1499
457    0.1459
458    0.1418
459    0.1575
460    0.1527
461    0.1479
462    0.1432
463    0.1387
464    0.1342
465    0.1508
466    0.1464
467    0.142
468    0.1377
469    0.1608
470    0.1586
471    0.154
472    0.1496
473    0.1452
474    0.141
475    0.1368
476    0.1327
477    0.1287
478    0.1248
479    0.1209
480    0.1172
481    0.1135
482    0.11
483    0.1065
484    0.1031
485    0.0999
486    0.09669
487    0.1072
488    0.1043
489    0.1013
490    0.09847
491    0.09564
492    0.1162
493    0.1133
494    0.1102
495    0.1072
496    0.1043
497    0.1014
498    0.09851
499    0.1549
500    0.1502
501    0.1456
502    0.1433
503    0.1388
504    0.1345
505    0.1302
506    0.1342
507    0.1356
508    0.1313
509    0.1272
510    0.1231
511    0.1191
512    0.1153
513    0.1115
514    0.1078
515    0.1043
516    0.1008
517    0.09748
518    0.09422
519    0.1091
520    0.1074
521    0.1037
522    0.1002
523    0.09674
524    0.09342
525    0.1704
526    0.1643
527    0.1585
528    0.1528
529    0.1473
530    0.142
531    0.1369
532    0.1319
533    0.1272
534    0.1225
535    0.1181
536    0.1138
537    0.1096
538    0.1056
539    0.1017
540    0.09796
541    0.09435
542    0.09086
543    0.0875
544    0.08425
545    0.08118
546    0.07851
547    0.07565
548    0.07288
549    0.07021
550    0.06764
551    0.06516
552    0.06276
553    0.06103
554    0.05878
555    0.1015
556    0.09809
557    0.09476
558    0.09154
559    0.08841
560    0.08537
561    0.08244
562    0.07959
563    0.07683
564    0.07415
565    0.07156
566    0.06906
567    0.102
568    0.09879
569    0.09563
570    0.113
571    0.1092
572    0.1055
573    0.1019
574    0.09848
575    0.09512
576    0.17
577    0.164
578    0.1582
579    0.1526
580    0.1471
581    0.1419
582    0.1368
583    0.1319
584    0.1271
585    0.1225
586    0.1181
587    0.1138
588    0.2177
589    0.2096
590    0.2016
591    0.194
592    0.1867
593    0.1796
594    0.1727
595    0.1671
596    0.1607
597    0.1546
598    0.1487
599    0.1448
600    0.1393
601    0.1341
602    0.129
603    0.1241
604    0.1193
605    0.1148
606    0.1104
607    0.1062
608    0.1021
609    0.09818
610    0.09441
611    0.09078
612    0.08729
613    0.08392
614    0.08068
615    0.07757
616    0.07457
617    0.07169
618    0.06891
619    0.06624
620    0.06367
621    0.0612
622    0.05882
623    0.05654
624    0.05434
625    0.05223
626    0.05019
627    0.04824
628    0.04636
629    0.04455
630    0.112
631    0.1079
632    0.1039
633    0.1001
634    0.09643
635    0.09286
636    0.08943
637    0.08611
638    0.08291
639    0.07982
640    0.07684
641    0.07397
642    0.0712
643    0.06852
644    0.06595
645    0.06348
646    0.08239
647    0.1455
648    0.1564
649    0.1512
650    0.1462
651    0.1413
652    0.1366
653    0.1319
654    0.1275
655    0.1231
656    0.1189
657    0.1148
658    0.1109
659    0.107
660    0.1033
661    0.1024
662    0.09887
663    0.09545
664    0.09214
665    0.08893
666    0.08583
667    0.08282
668    0.07991
669    0.07709
670    0.07437
671    0.07173
672    0.06918
673    0.06672
674    0.06434
675    0.06203
676    0.05981
677    0.05766
678    0.05558
679    0.05357
680    0.0518
681    0.04993
682    0.04813
683    0.04638
684    0.0447
685    0.04308
686    0.04151
687    0.05183
688    0.05048
689    0.04914
690    0.04781
691    0.06503
692    0.1792
693    0.1728
694    0.1665
695    0.1605
696    0.1547
697    0.1491
698    0.1675
699    0.1619
700    0.2016
701    0.195
702    0.1886
703    0.1824
704    0.1764
705    0.2015
706    0.2207
707    0.2141
708    0.2076
709    0.2163
710    0.2096
711    0.203
712    0.1966
713    0.1904
714    0.1843
715    0.1784
716    0.253
717    0.2446
718    0.245
719    0.2368
720    0.2288
721    0.221
722    0.2135
723    0.2062
724    0.1991
725    0.1922
726    0.1875
727    0.1811
728    0.1749
729    0.1864
730    0.1804
1    0.1472
2    0.145
3    0.1426
4    0.1403
5    0.1389
6    0.137
7    0.135
8    0.1331
9    0.1311
10    0.1291
11    0.127
12    0.1473
13    0.1483
14    0.147
15    0.1455
16    0.144
17    0.1424
18    0.1423
19    0.1421
20    0.1417
21    0.1413
22    0.1429
23    0.1421
24    0.1424
25    0.1419
26    0.1412
27    0.1403
28    0.1393
29    0.1382
30    0.1369
31    0.1355
32    0.135
33    0.1335
34    0.1319
35    0.1302
36    0.1284
37    0.1266
38    0.1249
39    0.1238
40    0.1276
41    0.1265
42    0.1266
43    0.1265
44    0.1263
45    0.1259
46    0.1254
47    0.1247
48    0.124
49    0.1243
50    0.1245
51    0.1245
52    0.1684
53    0.168
54    0.1672
55    0.1672
56    0.1669
57    0.1671
58    0.1666
59    0.1658
60    0.1648
61    0.1636
62    0.1623
63    0.1609
64    0.1594
65    0.1577
66    0.1581
67    0.1585
68    0.1569
69    0.1552
70    0.1534
71    0.1514
72    0.1496
73    0.1493
74    0.1473
75    0.1521
76    0.1502
77    0.149
78    0.1534
79    0.1572
80    0.1605
81    0.1632
82    0.1709
83    0.1729
84    0.1744
85    0.1755
86    0.1765
87    0.1771
88    0.1772
89    0.1769
90    0.1784
91    0.1777
92    0.1768
93    0.1757
94    0.1744
95    0.1728
96    0.1711
97    0.1694
98    0.1697
99    0.1677
100    0.1659
101    0.1639
102    0.1618
103    0.1604
104    0.1587
105    0.1569
106    0.1563
107    0.1555
108    0.1546
109    0.1535
110    0.1523
111    0.1509
112    0.1494
113    0.1479
114    0.1462
115    0.1444
116    0.1425
117    0.1442
118    0.1424
119    0.1405
120    0.1385
121    0.1368
122    0.1347
123    0.1325
124    0.1304
125    0.1281
126    0.1259
127    0.1275
128    0.1253
129    0.1232
130    0.121
131    0.1188
132    0.1165
133    0.1158
134    0.1149
135    0.1139
136    0.1128
137    0.1125
138    0.112
139    0.1114
140    0.1138
141    0.1134
142    0.1126
143    0.1116
144    0.1106
145    0.1095
146    0.1083
147    0.107
148    0.1057
149    0.1043
150    0.1028
151    0.1018
152    0.1014
153    0.103
154    0.1035
155    0.1029
156    0.1073
157    0.1132
158    0.1159
159    0.1183
160    0.1212
161    0.1237
162    0.1259
163    0.1283
164    0.1383
165    0.1472
166    0.1552
167    0.1622
168    0.1733
169    0.1855
170    0.195
171    0.2034
172    0.2112
173    0.218
174    0.2239
175    0.2308
176    0.2476
177    0.2682
178    0.2883
179    0.3047
180    0.3222
181    0.3349
182    0.346
183    0.356
184    0.364
185    0.3706
186    0.376
187    0.3804
188    0.3836
189    0.3857
190    0.387
191    0.3926
192    0.3928
193    0.3921
194    0.3908
195    0.3887
196    0.386
197    0.3833
198    0.3797
199    0.3757
200    0.3778
201    0.3746
202    0.3734
203    0.3717
204    0.3773
205    0.3755
206    0.3732
207    0.3705
208    0.3863
209    0.3838
210    0.3809
211    0.3776
212    0.3762
213    0.3764
214    0.3759
215    0.3751
216    0.3736
217    0.3717
218    0.3694
219    0.3665
220    0.3656
221    0.364
222    0.362
223    0.3595
224    0.3566
225    0.3555
226    0.3555
227    0.3595
228    0.3589
229    0.3577
230    0.356
231    0.3539
232    0.3513
233    0.3547
234    0.3565
235    0.3576
236    0.3582
237    0.3605
238    0.3598
239    0.3586
240    0.3569
241    0.3546
242    0.352
243    0.3489
244    0.3456
245    0.3422
246    0.3388
247    0.3346
248    0.3302
249    0.3256
250    0.3207
251    0.3157
252    0.3106
253    0.3053
254    0.3
255    0.2945
256    0.289
257    0.2836
258    0.2782
259    0.2726
260    0.2671
261    0.2621
262    0.2593
263    0.2563
264    0.2531
265    0.2498
266    0.2462
267    0.2426
268    0.2394
269    0.236
270    0.2321
271    0.2281
272    0.2241
273    0.22
274    0.2158
275    0.2116
276    0.208
277    0.2104
278    0.2096
279    0.2085
280    0.2071
281    0.2061
282    0.2051
283    0.2097
284    0.2093
285    0.2078
286    0.2057
287    0.2083
288    0.2115
289    0.2095
290    0.2074
291    0.2051
292    0.2026
293    0.2064
294    0.2039
295    0.2013
296    0.1986
297    0.1957
298    0.1927
299    0.1896
300    0.1864
301    0.1832
302    0.1838
303    0.1835
304    0.1805
305    0.1773
306    0.1742
307    0.1709
308    0.1676
309    0.1653
310    0.1629
311    0.1604
312    0.1579
313    0.1554
314    0.1549
315    0.1523
316    0.1497
317    0.1471
318    0.1444
319    0.1417
320    0.139
321    0.1363
322    0.1336
323    0.1317
324    0.1291
325    0.1264
326    0.1237
327    0.121
328    0.1238
329    0.1215
330    0.12
331    0.1189
332    0.1176
333    0.1163
334    0.1149
335    0.1134
336    0.1119
337    0.1103
338    0.1087
339    0.107
340    0.1053
341    0.1043
342    0.1083
343    0.1095
344    0.1083
345    0.107
346    0.1057
347    0.1043
348    0.1029
349    0.1015
350    0.09995
351    0.09838
352    0.09678
353    0.09576
354    0.09417
355    0.09256
356    0.0931
357    0.09345
358    0.09364
359    0.09436
360    0.09428
361    0.1008
362    0.1041
363    0.1048
364    0.1054
365    0.1056
366    0.1057
367    0.1057
368    0.1054
369    0.105
370    0.1044
371    0.1037
372    0.1029
373    0.102
374    0.101
375    0.09989
376    0.09871
377    0.09745
378    0.09614
379    0.09476
380    0.1029
381    0.1071
382    0.1088
383    0.1102
384    0.1114
385    0.1123
386    0.1129
387    0.1135
388    0.1138
389    0.1138
390    0.1138
391    0.1135
392    0.1131
393    0.1125
394    0.1118
395    0.111
396    0.1136
397    0.1136
398    0.1134
399    0.1131
400    0.1126
401    0.1139
402    0.1139
403    0.1136
404    0.1133
405    0.1128
406    0.1121
407    0.1114
408    0.1105
409    0.1095
410    0.1084
411    0.1073
412    0.1061
413    0.1048
414    0.1036
415    0.1022
416    0.1008
417    0.09929
418    0.09795
419    0.09647
420    0.09495
421    0.09675
422    0.09808
423    0.09811
424    0.09797
425    0.1039
426    0.1055
427    0.1068
428    0.1078
429    0.1085
430    0.109
431    0.1093
432    0.1094
433    0.1129
434    0.118
435    0.1199
436    0.1215
437    0.1229
438    0.1239
439    0.127
440    0.1283
441    0.1294
442    0.1417
443    0.1461
444    0.1499
445    0.1531
446    0.1559
447    0.1581
448    0.1617
449    0.1646
450    0.1662
451    0.1674
452    0.1682
453    0.1693
454    0.1735
455    0.1743
456    0.1747
457    0.1751
458    0.175
459    0.1769
460    0.1772
461    0.1772
462    0.1769
463    0.1764
464    0.1756
465    0.1784
466    0.1783
467    0.1779
468    0.1773
469    0.1813
470    0.1821
471    0.1823
472    0.1822
473    0.1819
474    0.1813
475    0.1805
476    0.1794
477    0.1782
478    0.1768
479    0.1753
480    0.1736
481    0.1718
482    0.1698
483    0.1678
484    0.1656
485    0.1634
486    0.1611
487    0.1613
488    0.1595
489    0.1577
490    0.1558
491    0.1538
492    0.1561
493    0.1554
494    0.1543
495    0.1531
496    0.1517
497    0.1503
498    0.1487
499    0.1518
500    0.1526
501    0.1531
502    0.1548
503    0.1549
504    0.1548
505    0.1544
506    0.1546
507    0.1552
508    0.1549
509    0.1543
510    0.1536
511    0.1527
512    0.1517
513    0.1504
514    0.1491
515    0.1476
516    0.146
517    0.1443
518    0.1425
519    0.1436
520    0.1431
521    0.142
522    0.1407
523    0.1393
524    0.1378
525    0.1449
526    0.1467
527    0.1482
528    0.1492
529    0.1499
530    0.1503
531    0.1504
532    0.1503
533    0.1499
534    0.1492
535    0.1484
536    0.1473
537    0.1461
538    0.1448
539    0.1433
540    0.1417
541    0.1399
542    0.1381
543    0.1362
544    0.1342
545    0.1321
546    0.1304
547    0.1282
548    0.126
549    0.1237
550    0.1214
551    0.1191
552    0.1168
553    0.1146
554    0.1123
555    0.1163
556    0.1161
557    0.1158
558    0.1152
559    0.1146
560    0.1138
561    0.1128
562    0.1118
563    0.1106
564    0.1094
565    0.1081
566    0.1071
567    0.1092
568    0.1094
569    0.1095
570    0.1118
571    0.1126
572    0.1132
573    0.1136
574    0.1138
575    0.1137
576    0.1213
577    0.1245
578    0.1272
579    0.1295
580    0.1313
581    0.1328
582    0.1339
583    0.1347
584    0.1351
585    0.1354
586    0.1353
587    0.1351
588    0.144
589    0.1483
590    0.152
591    0.155
592    0.1576
593    0.1596
594    0.1612
595    0.1624
596    0.1632
597    0.1637
598    0.1638
599    0.1637
600    0.1633
601    0.1626
602    0.1617
603    0.1606
604    0.1593
605    0.1579
606    0.1562
607    0.1544
608    0.1525
609    0.1504
610    0.1483
611    0.1461
612    0.1438
613    0.1414
614    0.1389
615    0.1365
616    0.1339
617    0.1314
618    0.1288
619    0.1262
620    0.1236
621    0.1209
622    0.1183
623    0.1157
624    0.1132
625    0.1106
626    0.108
627    0.1055
628    0.103
629    0.1004
630    0.1084
631    0.1091
632    0.1096
633    0.1099
634    0.11
635    0.1098
636    0.1095
637    0.109
638    0.1084
639    0.1076
640    0.1067
641    0.1057
642    0.1045
643    0.1033
644    0.102
645    0.1006
646    0.104
647    0.112
648    0.1163
649    0.1192
650    0.1217
651    0.1238
652    0.1255
653    0.1268
654    0.1279
655    0.1286
656    0.1291
657    0.1293
658    0.1293
659    0.1291
660    0.1287
661    0.1289
662    0.1282
663    0.1274
664    0.1265
665    0.1254
666    0.1242
667    0.1229
668    0.1215
669    0.12
670    0.1184
671    0.1167
672    0.115
673    0.1132
674    0.1114
675    0.1095
676    0.1076
677    0.1057
678    0.1037
679    0.1018
680    0.09979
681    0.0978
682    0.0958
683    0.0938
684    0.09181
685    0.08981
686    0.08783
687    0.08855
688    0.08721
689    0.08585
690    0.08448
691    0.08545
692    0.1024
693    0.1074
694    0.1117
695    0.1156
696    0.1189
697    0.1217
698    0.1276
699    0.1308
700    0.1416
701    0.1462
702    0.1502
703    0.1536
704    0.1565
705    0.1645
706    0.1724
707    0.1767
708    0.1804
709    0.1857
710    0.1891
711    0.1919
712    0.1942
713    0.196
714    0.1973
715    0.1982
716    0.2104
717    0.2144
718    0.2193
719    0.2224
720    0.225
721    0.227
722    0.2284
723    0.2293
724    0.2298
725    0.23
726    0.23
727    0.2294
728    0.2285
729    0.2314
730    0.2308
