

---------------------------------------------------
Generation No.     ->1
------------------------------------------------------
OldPop:  variables (binary 8)  fitness (4)  rank cublen || MatePop: variables  fitness rank cublen

------------------------------------------------
0.000000 0.000000 0.000000 0.000000 0.000000 0.000000 0.000000 0.000000   0.0000  0.0000  0.0000  0.0000 0 0.000000 |**|0.000000 0.000000 0.000000 -0.250000 0.000000 -1000.000000 -0.250000 0.000000   0.000000  0.000000  0.000000  0.000000 1  0.000000 
------------------------------------------------
0.000000 0.000000 0.000000 0.000000 0.000000 0.000000 0.000000 0.000000   0.0000  0.0000  0.0000  0.0000 0 0.000000 |**|0.000000 0.000000 0.000000 -0.250000 0.000000 -1000.000000 -0.250000 0.000000   0.000000  0.000000  0.000000  0.000000 1  0.000000 
------------------------------------------------
0.000000 0.000000 0.000000 0.000000 0.000000 0.000000 0.000000 0.000000   0.0000  0.0000  0.0000  0.0000 0 0.000000 |**|0.000000 0.000000 0.000000 -0.250000 0.000000 -1000.000000 -0.250000 0.000000   0.000000  0.000000  0.000000  0.000000 1  0.000000 
------------------------------------------------
0.000000 0.000000 0.000000 0.000000 0.000000 0.000000 0.000000 0.000000   0.0000  0.0000  0.0000  0.0000 0 0.000000 |**|0.000000 0.000000 0.000000 -0.250000 0.000000 -1000.000000 -0.250000 0.000000   0.000000  0.000000  0.000000  0.000000 1  0.000000 
--------------------------------------------------

-------------------------------------------------------


---------------------------------------------------
Generation No.     ->2
------------------------------------------------------
OldPop:  variables (binary 8)  fitness (4)  rank cublen || MatePop: variables  fitness rank cublen

------------------------------------------------
0.000000 0.000000 0.000000 -0.250000 0.000000 -1000.000000 -0.250000 0.000000   0.0000  0.0000  0.0000  0.0000 1 0.000000 |**|0.000000 0.000000 0.000000 -0.250000 0.000000 -1000.000000 -0.250000 0.000000   0.000000  0.000000  0.000000  0.000000 1  0.000000 
------------------------------------------------
0.000000 0.000000 0.000000 -0.250000 0.000000 -1000.000000 -0.250000 0.000000   0.0000  0.0000  0.0000  0.0000 1 0.000000 |**|0.000000 0.000000 0.000000 -0.250000 0.000000 -1000.000000 -0.250000 0.000000   0.000000  0.000000  0.000000  0.000000 1  0.000000 
------------------------------------------------
0.000000 0.000000 0.000000 -0.250000 0.000000 -1000.000000 -0.250000 0.000000   0.0000  0.0000  0.0000  0.0000 1 0.000000 |**|0.000000 0.000000 0.000000 -0.250000 0.000000 -1000.000000 -0.250000 0.000000   0.000000  0.000000  0.000000  0.000000 1  0.000000 
------------------------------------------------
0.000000 0.000000 0.000000 -0.250000 0.000000 -1000.000000 -0.250000 0.000000   0.0000  0.0000  0.0000  0.0000 1 0.000000 |**|0.000000 0.000000 0.000000 -0.250000 0.000000 -1000.000000 -0.250000 0.000000   0.000000  0.000000  0.000000  0.000000 1  0.000000 
--------------------------------------------------

-------------------------------------------------------


---------------------------------------------------
Generation No.     ->3
------------------------------------------------------
OldPop:  variables (binary 8)  fitness (4)  rank cublen || MatePop: variables  fitness rank cublen

------------------------------------------------
0.000000 0.000000 0.000000 -0.250000 0.000000 -1000.000000 -0.250000 0.000000   0.0000  0.0000  0.0000  0.0000 1 0.000000 |**|0.000000 0.000000 0.000000 -0.250000 0.000000 -1000.000000 -0.250000 0.000000   0.000000  0.000000  0.000000  0.000000 1  0.000000 
------------------------------------------------
0.000000 0.000000 0.000000 -0.250000 0.000000 -1000.000000 -0.250000 0.000000   0.0000  0.0000  0.0000  0.0000 1 0.000000 |**|0.000000 0.000000 0.000000 -0.250000 0.000000 -1000.000000 -0.250000 0.000000   0.000000  0.000000  0.000000  0.000000 1  0.000000 
------------------------------------------------
0.000000 0.000000 0.000000 -0.250000 0.000000 -1000.000000 -0.250000 0.000000   0.0000  0.0000  0.0000  0.0000 1 0.000000 |**|0.000000 0.000000 0.000000 -0.250000 0.000000 -1000.000000 -0.250000 0.000000   0.000000  0.000000  0.000000  0.000000 1  0.000000 
------------------------------------------------
0.000000 0.000000 0.000000 -0.250000 0.000000 -1000.000000 -0.250000 0.000000   0.0000  0.0000  0.0000  0.0000 1 0.000000 |**|0.000000 0.000000 0.000000 -0.250000 0.000000 -1000.000000 -0.250000 0.000000   0.000000  0.000000  0.000000  0.000000 1  0.000000 
--------------------------------------------------

-------------------------------------------------------
NO. OF CROSSOVER = 237
NO. OF MUTATION = 7
------------------------------------------------------------
---------------------------------Thanks---------------------
-------------------------------------------------------------
