1    0.002578
2    0.002449
3    0.002139
4    0.002028
5    0.2579
6    0.001075
7    0.001614
8    0.1275
9    0.06908
10    0.002242
11    0.00395
12    0.6625
13    0.005876
14    0.005484
15    0.003922
16    0.003393
17    0.00372
18    1.078
19    0.008171
20    0.0062
21    0.005917
22    0.005056
23    0.003776
24    0.00323
25    0.2595
26    0.003578
27    0.005337
28    0.004277
29    0.00349
30    0.003005
31    0.002644
32    0.002912
33    0.002899
34    0.002942
35    0.002579
36    0.002262
37    0.002894
38    0.00254
39    0.711
40    0.003679
41    0.00449
42    0.888
43    0.01684
44    0.004924
45    0.005666
46    0.004799
47    0.004525
48    0.004312
49    0.8716
50    0.102
51    0.004929
52    0.004677
53    0.004863
54    0.0049
55    0.74
56    0.006009
57    0.005256
58    0.005093
59    0.004864
60    0.004453
61    0.003798
62    0.03428
63    0.002147
64    0.002684
65    0.001946
66    0.1144
67    0.001769
68    0.001711
69    0.006367
70    0.00285
71    0.00238
72    0.000729
73    0.0007415
74    0.0008148
75    0.001263
76    0.001103
77    0.7528
78    3.124
79    0.01714
80    0.0373
81    0.007523
82    0.007598
83    0.007895
84    0.0068
85    0.005952
86    0.006015
87    0.005859
88    0.00532
89    0.005985
90    0.02028
91    0.008527
92    0.005519
93    0.00485
94    0.004853
95    0.003989
96    0.003365
97    0.003733
98    0.003676
99    0.003799
100    0.1892
101    0.003112
102    0.005232
103    0.5536
104    0.006205
105    0.006052
106    0.9273
107    0.008154
108    0.005928
109    0.005204
110    0.00414
111    0.004478
112    0.004264
113    0.003578
114    0.003414
115    0.003857
116    0.003841
117    0.004458
118    0.00402
119    0.004036
120    0.003975
121    0.003869
122    0.003796
123    0.003361
124    0.0042
125    0.003658
126    0.002932
127    0.002523
128    0.001825
129    0.001363
130    0.00159
131    0.001553
132    0.001106
133    1.062
134    0.004458
135    0.003098
136    0.002422
137    0.5193
138    0.004648
139    0.003493
140    0.02667
141    0.003538
142    0.002732
143    0.001444
144    0.1328
145    0.001799
146    0.001162
147    0.0003362
148    0.001387
149    0.0005667
150    0.0005226
151    0.442
152    0.8357
153    0.002666
154    0.001731
155    0.001002
156    2.405
157    0.01319
158    0.105
159    0.09076
160    0.9909
161    0.01023
162    0.005771
163    0.005188
164    5.056
165    0.02872
166    0.01597
167    0.1896
168    0.6009
169    3.184
170    0.03421
171    0.2265
172    0.5137
173    0.03204
174    0.03113
175    0.03143
176    7.93
177    5.097
178    0.1101
179    0.07243
180    0.07113
181    0.09681
182    0.1481
183    0.09067
184    0.07578
185    0.08029
186    0.07894
187    0.09349
188    0.1243
189    0.0817
190    0.08503
191    0.08361
192    0.08405
193    0.08419
194    0.08452
195    0.08409
196    0.08347
197    0.08215
198    0.08313
199    0.08354
200    1.311
201    0.08695
202    1.775
203    0.08981
204    0.9427
205    0.08651
206    0.08307
207    0.08148
208    0.08076
209    0.3903
210    0.2648
211    0.09279
212    0.4362
213    2.532
214    0.08774
215    0.4715
216    0.1301
217    0.381
218    0.07601
219    0.09204
220    1.71
221    0.07969
222    0.07376
223    0.06989
224    0.06777
225    1.664
226    0.8569
227    0.8196
228    0.07432
229    0.06885
230    0.06594
231    0.06355
232    0.06146
233    3.697
234    0.07592
235    0.06681
236    0.3277
237    0.06465
238    0.06261
239    0.06181
240    0.06083
241    0.05878
242    0.0577
243    0.05619
244    0.2923
245    0.05619
246    0.0547
247    0.05361
248    0.05243
249    0.051
250    0.05037
251    0.1133
252    0.09351
253    0.04726
254    0.04705
255    0.1087
256    0.04565
257    0.2661
258    0.1468
259    0.1118
260    0.1324
261    0.1067
262    1.572
263    0.04513
264    0.04171
265    0.04037
266    0.03934
267    0.03735
268    0.03618
269    0.03569
270    0.03463
271    0.0339
272    0.03249
273    0.03205
274    0.03142
275    0.03109
276    0.359
277    0.03103
278    1.561
279    0.03629
280    0.03203
281    0.03039
282    0.02903
283    0.02796
284    0.0265
285    0.04515
286    0.02446
287    0.1661
288    0.02353
289    0.02306
290    0.02087
291    0.02055
292    0.0212
293    0.0201
294    0.01984
295    0.01952
296    0.01891
297    0.01833
298    0.02102
299    0.02595
300    0.01754
301    0.01667
302    0.01702
303    0.01556
304    0.01436
305    0.01357
306    0.01371
307    0.01347
308    0.01285
309    0.7678
310    0.01405
311    0.01295
312    0.01259
313    0.01031
314    0.01139
315    0.01168
316    0.01155
317    0.0135
318    0.009129
319    0.009413
320    0.009931
321    0.009861
322    0.009011
323    0.008732
324    0.008281
325    0.007852
326    0.007718
327    0.007835
328    0.007778
329    0.007508
330    0.7703
331    0.2028
332    0.008642
333    0.008397
334    0.007779
335    0.007686
336    0.006119
337    0.00645
338    0.006115
339    0.006352
340    0.006463
341    0.006103
342    0.005877
343    0.004343
344    0.1185
345    0.04987
346    0.003718
347    0.004921
348    0.003758
349    0.003825
350    0.004242
351    0.004546
352    0.004386
353    0.004337
354    0.03765
355    0.002012
356    1.318
357    0.009852
358    0.006607
359    0.006361
360    0.00629
361    0.5017
362    0.006555
363    0.007057
364    0.005655
365    0.005351
366    0.005261
367    0.005025
368    0.004837
369    0.004535
370    0.003939
371    0.003364
372    0.003177
373    0.003414
374    0.003611
375    0.003266
376    0.003161
377    0.003059
378    0.002944
379    0.00231
380    1.53
381    0.5628
382    0.00957
383    0.006756
384    0.006633
385    0.006293
386    0.01063
387    0.04148
388    0.003983
389    0.005392
390    0.03988
391    0.002483
392    0.003868
393    0.00297
394    0.002938
395    0.003615
396    0.7419
397    0.005498
398    0.005665
399    0.005111
400    0.005262
401    0.3598
402    0.005245
403    0.005773
404    0.005962
405    0.006134
406    0.006302
407    0.005645
408    0.004942
409    0.005581
410    0.006451
411    0.007181
412    0.01531
413    0.004455
414    0.04279
415    0.004171
416    0.00675
417    0.006415
418    0.04496
419    0.006932
420    0.00576
421    0.5502
422    0.3557
423    0.01068
424    0.01028
425    1.262
426    0.02248
427    0.01901
428    0.01751
429    0.01867
430    0.01819
431    0.01705
432    0.02074
433    0.8234
434    0.9163
435    0.03384
436    0.03181
437    0.03192
438    0.03321
439    0.4487
440    0.03781
441    0.03783
442    2.395
443    0.06339
444    0.05191
445    0.05119
446    0.05201
447    0.05272
448    0.2839
449    0.1583
450    0.05818
451    0.05934
452    0.06056
453    0.2158
454    0.3888
455    0.06273
456    0.06423
457    0.1051
458    0.09083
459    0.7914
460    0.06825
461    0.06805
462    0.06692
463    0.06742
464    0.06966
465    0.8078
466    0.0719
467    0.0702
468    0.06922
469    0.9841
470    0.1826
471    0.07242
472    0.07072
473    0.07154
474    0.07111
475    0.07027
476    0.06906
477    0.06801
478    0.0695
479    0.06875
480    0.06735
481    0.06532
482    0.06543
483    0.06647
484    0.06382
485    0.07222
486    0.06299
487    0.6725
488    0.06257
489    0.05998
490    0.05845
491    0.05772
492    0.8915
493    0.06633
494    0.05565
495    0.0533
496    0.05286
497    0.05122
498    0.04975
499    1.705
500    0.0546
501    0.05103
502    0.1447
503    0.04809
504    0.04626
505    0.05079
506    0.3293
507    0.2717
508    0.04366
509    0.04188
510    0.04134
511    0.04054
512    0.03689
513    0.03656
514    0.03578
515    0.03457
516    0.03381
517    0.0328
518    0.03207
519    0.5848
520    0.1871
521    0.03353
522    0.02947
523    0.03197
524    0.02895
525    2.256
526    0.03646
527    0.03136
528    0.07853
529    0.02648
530    0.02474
531    0.0263
532    0.0227
533    0.02028
534    0.01984
535    0.02019
536    0.01935
537    0.02988
538    0.01691
539    0.01813
540    0.02005
541    0.01806
542    0.01797
543    0.0148
544    0.01688
545    0.1306
546    0.154
547    0.01676
548    0.01301
549    0.01238
550    0.01462
551    0.01375
552    0.01381
553    0.1526
554    0.0135
555    1.531
556    0.01579
557    0.01223
558    0.01137
559    0.009811
560    0.009211
561    0.01151
562    0.008831
563    0.008045
564    0.007368
565    0.006865
566    0.02939
567    1.326
568    0.01303
569    0.007864
570    0.7353
571    0.009774
572    0.007186
573    0.006045
574    0.005348
575    0.005607
576    2.257
577    0.02139
578    0.03447
579    0.01456
580    0.007856
581    0.006955
582    0.00626
583    0.04333
584    0.006472
585    0.006329
586    0.005306
587    0.006753
588    2.903
589    0.02387
590    0.01165
591    0.008193
592    0.007411
593    0.02628
594    0.005425
595    0.1966
596    0.006319
597    0.007602
598    0.005402
599    0.2369
600    0.004499
601    0.1278
602    0.00589
603    0.006465
604    0.004783
605    0.004354
606    0.003774
607    0.003411
608    0.003018
609    0.01234
610    0.001822
611    0.002662
612    0.00226
613    0.001905
614    0.001327
615    0.001438
616    0.001633
617    0.001508
618    0.001421
619    0.0007674
620    0.0003325
621    0.0002431
622    0.0001253
623    0.000294
624    0.03516
625    0.0002344
626    0.0009715
627    0.00878
628    0.0004153
629    0.0004076
630    1.957
631    0.006743
632    0.003392
633    0.002571
634    0.002455
635    0.002309
636    0.002766
637    0.002184
638    0.001361
639    0.0008865
640    0.001288
641    0.001799
642    0.001394
643    0.000766
644    0.0009387
645    0.001779
646    0.7785
647    1.732
648    0.4038
649    0.01124
650    0.008063
651    0.00686
652    0.005583
653    0.004735
654    0.003599
655    0.002973
656    0.003346
657    0.003742
658    0.003671
659    0.003509
660    0.003373
661    0.09898
662    0.001959
663    0.003092
664    0.002879
665    0.002639
666    0.003105
667    0.003185
668    0.002437
669    0.002181
670    0.002394
671    0.002295
672    0.001725
673    0.001771
674    0.001314
675    0.001357
676    0.001274
677    0.001075
678    0.001238
679    0.001156
680    0.007997
681    0.0005503
682    0.001025
683    0.001204
684    0.0009384
685    0.00087
686    0.0006063
687    0.5391
688    0.001782
689    0.002402
690    0.002385
691    0.4623
692    2.816
693    0.01842
694    0.008915
695    0.007088
696    0.007408
697    0.007133
698    0.8378
699    0.01321
700    1.291
701    0.0163
702    0.01016
703    0.009929
704    0.0094
705    0.9915
706    0.875
707    0.01892
708    0.01395
709    0.3916
710    0.01504
711    0.01155
712    0.01077
713    0.009909
714    0.009835
715    0.01011
716    2.075
717    0.01862
718    0.2577
719    0.01618
720    0.01317
721    0.01176
722    0.01127
723    0.01072
724    0.009691
725    0.01028
726    0.09247
727    0.008434
728    0.009252
729    0.6748
730    0.01199
1    0.9353
2    0.7363
3    0.7429
4    0.7495
5    1.048
6    0.7678
7    0.7654
8    0.9028
9    0.8409
10    0.7758
11    0.7776
12    3.119
13    0.931
14    0.81
15    0.8162
16    0.8255
17    0.8353
18    1.916
19    0.8582
20    0.8519
21    0.8682
22    0.9943
23    0.8582
24    0.9309
25    1.124
26    0.8724
27    0.8765
28    0.8737
29    0.8712
30    0.868
31    0.8641
32    0.9141
33    0.8594
34    0.8526
35    0.8447
36    0.8373
37    0.8322
38    0.8331
39    1.522
40    1.106
41    0.8087
42    1.685
43    0.811
44    0.793
45    0.7873
46    0.7798
47    0.7724
48    0.7644
49    1.622
50    0.8423
51    0.7345
52    3.161
53    0.7433
54    0.7377
55    1.473
56    0.7343
57    0.7701
58    0.7358
59    0.7276
60    0.7226
61    0.7159
62    0.7401
63    0.7028
64    0.6945
65    0.6853
66    0.9072
67    0.7914
68    0.6718
69    0.6712
70    0.6615
71    0.6536
72    0.6487
73    0.7415
74    0.6345
75    1.069
76    0.635
77    1.384
78    3.754
79    0.6434
80    0.6616
81    0.626
82    0.9955
83    0.6316
84    0.6271
85    0.6237
86    0.6341
87    0.633
88    0.6141
89    0.6125
90    0.7368
91    0.6096
92    0.5983
93    0.5905
94    0.5851
95    0.5757
96    0.5674
97    0.5726
98    0.6876
99    0.5495
100    0.725
101    0.5319
102    0.5281
103    1.083
104    0.5162
105    0.5032
106    1.414
107    0.4872
108    0.4754
109    0.4652
110    0.4539
111    0.4472
112    0.4377
113    0.4271
114    0.4184
115    0.4116
116    0.4029
117    0.615
118    0.3884
119    0.3805
120    0.3719
121    0.3854
122    0.3556
123    0.3461
124    0.3389
125    0.3313
126    0.3256
127    0.5459
128    0.3058
129    0.297
130    0.2912
131    0.2837
132    0.2751
133    1.33
134    0.2656
135    0.2572
136    0.2569
137    0.7606
138    0.24
139    0.2403
140    0.461
141    0.2655
142    0.215
143    0.2072
144    0.3329
145    0.1961
146    0.1895
147    0.1824
148    0.1797
149    0.173
150    0.1697
151    0.6073
152    1.0
153    0.3193
154    0.2468
155    0.1656
156    2.645
157    0.3689
158    0.2443
159    0.2256
160    1.121
161    0.1363
162    0.1266
163    0.206
164    5.169
165    0.1415
166    0.125
167    0.2947
168    1.003
169    3.432
170    0.1312
171    0.3205
172    0.605
173    0.1219
174    0.1176
175    0.2884
176    8.119
177    5.205
178    0.3513
179    0.1663
180    0.3916
181    0.1721
182    0.2784
183    0.2509
184    0.1567
185    0.1483
186    0.1439
187    0.2224
188    0.1831
189    0.1378
190    0.1409
191    0.5107
192    0.2085
193    0.1876
194    0.1978
195    0.1349
196    0.1314
197    0.2039
198    0.1309
199    0.1566
200    1.771
201    0.1325
202    1.818
203    0.1807
204    1.905
205    0.1333
206    0.129
207    0.1281
208    5.451
209    0.4658
210    0.3448
211    0.2012
212    0.7392
213    2.658
214    0.2092
215    0.5993
216    0.2678
217    0.5133
218    0.2125
219    0.2551
220    1.877
221    0.2344
222    0.2259
223    0.2222
224    0.222
225    1.822
226    1.105
227    1.289
228    0.2386
229    0.2315
230    0.2282
231    0.2249
232    0.2217
233    3.946
234    0.244
235    0.2236
236    0.4847
237    0.414
238    0.2179
239    0.2146
240    0.2115
241    0.2077
242    0.2098
243    0.2063
244    0.4344
245    0.2541
246    0.2646
247    0.1919
248    0.1881
249    0.1836
250    0.1814
251    0.2427
252    0.2197
253    0.1692
254    0.1685
255    0.2274
256    0.1658
257    0.4178
258    0.2915
259    0.222
260    0.2402
261    0.2387
262    1.67
263    0.1431
264    0.1389
265    0.1362
266    0.1336
267    0.1278
268    0.1568
269    0.1541
270    0.12
271    0.1175
272    0.113
273    0.1114
274    0.1092
275    0.1079
276    0.4336
277    0.449
278    1.634
279    0.1077
280    0.1027
281    0.1372
282    0.1405
283    0.4702
284    0.1754
285    0.1419
286    0.09152
287    0.5
288    0.4027
289    0.09236
290    0.08396
291    0.08205
292    0.085
293    0.7022
294    0.0873
295    0.08748
296    0.08764
297    0.08771
298    0.09115
299    0.09587
300    0.08773
301    0.0878
302    0.3549
303    0.3118
304    0.1013
305    0.1028
306    0.1086
307    0.1129
308    0.1155
309    0.8744
310    0.1201
311    0.1254
312    0.128
313    0.1281
314    0.2535
315    0.1327
316    0.1338
317    0.1402
318    0.1303
319    0.1305
320    0.1334
321    0.1333
322    0.1311
323    0.1823
324    0.1296
325    0.128
326    0.1273
327    0.1272
328    0.6246
329    0.1348
330    0.8966
331    0.3327
332    0.1417
333    0.1417
334    0.1431
335    0.1443
336    0.1405
337    0.143
338    0.1424
339    0.1441
340    0.1443
341    0.1833
342    0.7593
343    0.3588
344    0.2812
345    0.2212
346    0.1816
347    0.1913
348    0.1943
349    0.2064
350    0.209
351    0.215
352    0.2186
353    0.2576
354    0.2597
355    0.225
356    1.543
357    0.2369
358    0.2346
359    0.2758
360    0.2385
361    1.663
362    0.4681
363    0.274
364    0.2827
365    0.2949
366    0.306
367    0.3156
368    0.3243
369    0.3314
370    0.3365
371    0.3408
372    0.3457
373    0.3508
374    0.3545
375    0.3556
376    0.3576
377    0.3583
378    0.3586
379    0.356
380    2.777
381    1.09
382    0.3884
383    0.3936
384    0.4027
385    0.4099
386    0.4213
387    0.4638
388    0.424
389    0.427
390    0.4637
391    0.4277
392    0.4293
393    0.4266
394    0.4274
395    0.4289
396    1.319
397    0.4317
398    0.4311
399    0.4296
400    0.4294
401    0.8497
402    0.426
403    0.4255
404    0.4258
405    0.4243
406    0.4228
407    0.4175
408    0.4124
409    0.4113
410    0.4099
411    0.4082
412    0.4124
413    0.3935
414    0.4272
415    0.3819
416    0.3821
417    0.3755
418    0.4185
419    0.3669
420    0.356
421    1.028
422    0.7666
423    0.3526
424    0.3481
425    2.028
426    0.3688
427    0.3634
428    0.3644
429    0.369
430    0.3678
431    0.3693
432    0.3718
433    1.343
434    1.463
435    0.4005
436    0.4012
437    0.4044
438    0.4097
439    0.9156
440    0.4211
441    0.4225
442    4.507
443    0.475
444    0.467
445    0.4736
446    0.4825
447    0.4896
448    0.8125
449    0.662
450    0.5169
451    0.5246
452    0.5313
453    0.7161
454    1.054
455    0.545
456    0.555
457    0.6116
458    0.5904
459    1.336
460    0.5668
461    0.5697
462    0.5667
463    0.5676
464    0.5729
465    1.468
466    0.5701
467    0.565
468    0.5596
469    1.728
470    0.694
471    0.5584
472    0.5533
473    0.5544
474    0.5509
475    0.5457
476    0.539
477    0.5325
478    0.5333
479    0.5271
480    0.5189
481    0.5086
482    0.5046
483    0.5032
484    0.4907
485    0.4965
486    0.4786
487    1.199
488    0.4653
489    0.4531
490    0.4443
491    0.4375
492    1.457
493    0.4448
494    0.4144
495    0.4032
496    0.3974
497    0.3878
498    0.3787
499    2.104
500    0.3711
501    0.3616
502    0.5263
503    0.3452
504    0.336
505    0.3366
506    0.6356
507    0.5998
508    0.3081
509    0.3004
510    0.295
511    0.286
512    0.2741
513    0.2691
514    0.263
515    0.2556
516    0.2496
517    0.2429
518    0.2371
519    0.927
520    0.4437
521    0.228
522    0.2139
523    0.2151
524    0.2028
525    2.69
526    0.2079
527    0.1938
528    0.2676
529    0.18
530    0.1762
531    0.1694
532    0.1627
533    0.1531
534    0.1495
535    0.1482
536    0.1433
537    0.1668
538    0.1351
539    0.1317
540    0.1345
541    0.1248
542    0.1217
543    0.1176
544    0.1141
545    0.2313
546    0.3063
547    0.1104
548    0.09845
549    0.09503
550    0.1013
551    0.09649
552    0.09381
553    0.2899
554    0.08943
555    1.893
556    0.08455
557    0.07845
558    0.07589
559    0.07051
560    0.06801
561    0.09108
562    0.06514
563    0.06207
564    0.05876
565    0.06154
566    0.1232
567    1.614
568    0.06329
569    0.05191
570    1.015
571    0.05254
572    0.04772
573    0.0435
574    0.04111
575    0.04153
576    2.606
577    0.06778
578    0.08036
579    0.07645
580    0.04132
581    0.03796
582    0.03732
583    0.08057
584    0.03151
585    0.03491
586    0.03085
587    0.03586
588    3.304
589    0.05154
590    0.03307
591    0.03075
592    0.0288
593    0.0539
594    0.0198
595    0.2675
596    0.02049
597    0.03034
598    0.02133
599    0.287
600    0.01921
601    0.1726
602    0.02404
603    0.02353
604    0.01863
605    0.01723
606    0.01528
607    0.01448
608    0.01311
609    0.02291
610    0.00962
611    0.01266
612    0.01023
613    0.009282
614    0.00731
615    0.007963
616    0.008504
617    0.007796
618    0.007495
619    0.005065
620    0.003764
621    0.003606
622    0.003203
623    0.003727
624    0.04743
625    0.001858
626    0.004897
627    0.01923
628    0.001461
629    0.002613
630    2.351
631    0.0106
632    0.007124
633    0.005813
634    0.006216
635    0.006107
636    0.008678
637    0.005711
638    0.003573
639    0.002295
640    0.003573
641    0.005245
642    0.003891
643    0.002077
644    0.002585
645    0.005131
646    1.013
647    2.031
648    0.4744
649    0.0191
650    0.01735
651    0.01391
652    0.01088
653    0.009217
654    0.006244
655    0.004806
656    0.00609
657    0.007478
658    0.007353
659    0.006993
660    0.0067
661    0.147
662    0.002231
663    0.005536
664    0.005414
665    0.004889
666    0.006407
667    0.006759
668    0.004577
669    0.003933
670    0.004582
671    0.004394
672    0.002872
673    0.002962
674    0.001847
675    0.001879
676    0.001705
677    0.001256
678    0.001592
679    0.001474
680    0.003761
681    0.000631
682    0.001194
683    0.001609
684    0.001114
685    0.0009415
686    0.0003922
687    0.6573
688    0.0009428
689    0.002969
690    0.004238
691    0.5515
692    3.511
693    0.02761
694    0.01253
695    0.01282
696    0.01567
697    0.01556
698    1.01
699    0.02181
700    1.659
701    0.02908
702    0.01885
703    0.02141
704    0.0203
705    1.237
706    1.076
707    0.02902
708    0.02786
709    0.5064
710    0.0305
711    0.02452
712    0.02315
713    0.02066
714    0.02168
715    0.02276
716    2.531
717    0.02902
718    0.3446
719    0.02496
720    0.02739
721    0.02411
722    0.02387
723    0.02983
724    0.01922
725    0.03024
726    0.1133
727    0.01724
728    0.01988
729    0.8624
730    0.02339
